<?xml version="1.0" encoding="UTF-8"?>
<testsuite name="CalculatorTest" tests="6" skipped="0" failures="0" errors="0" timestamp="2022-03-08T21:04:51" hostname="Camerons-MacBook-Pro.local" time="0.044">
  <properties/>
  <testcase name="subtractShouldReturnEight()" classname="CalculatorTest" time="0.033"/>
  <testcase name="addShouldReturnTwelve()" classname="CalculatorTest" time="0.001"/>
  <testcase name="squareRootShouldReturnSquareRootOfNine()" classname="CalculatorTest" time="0.001"/>
  <testcase name="multiplyShouldReturnTwenty()" classname="CalculatorTest" time="0.001"/>
  <testcase name="divideShouldReturnFive()" classname="CalculatorTest" time="0.001"/>
  <testcase name="addShouldAddWholeList()" classname="CalculatorTest" time="0.001"/>
  <system-out><![CDATA[]]></system-out>
  <system-err><![CDATA[]]></system-err>
</testsuite>
